<?xml version="1.0" encoding="UTF-8"?>
<!-- Generated by org.testng.reporters.JUnitReportReporter -->
<testsuite skipped="0" hostname="FA006738" name="com.pymidol.testcases.LoginTestPymidol" tests="1" failures="0" timestamp="10 Apr 2020 09:52:38 GMT" time="103.977" errors="0">
  <testcase name="loginApp" time="103.977" classname="com.pymidol.testcases.LoginTestPymidol"/>
</testsuite> <!-- com.pymidol.testcases.LoginTestPymidol -->
